SF:lib/domain/models/entity/user_entity.dart
DA:16,2
LF:1
LH:1
end_of_record
SF:lib/domain/models/response/news_response.dart
DA:8,2
DA:22,2
DA:23,2
DA:26,0
DA:28,0
DA:29,0
DA:34,3
DA:53,2
DA:54,2
DA:57,0
DA:59,0
DA:60,0
DA:68,2
DA:70,2
DA:71,2
DA:74,0
DA:76,0
DA:77,0
LF:18
LH:9
end_of_record
SF:lib/domain/models/response/news_response.g.dart
DA:9,4
DA:10,2
DA:11,2
DA:12,2
DA:13,6
DA:14,2
DA:15,2
DA:16,2
DA:19,0
DA:20,0
DA:21,0
DA:22,0
DA:23,0
DA:24,0
DA:25,0
DA:28,4
DA:29,2
DA:31,4
DA:32,2
DA:33,2
DA:34,2
DA:35,2
DA:36,2
DA:37,2
DA:38,2
DA:41,0
DA:42,0
DA:43,0
DA:44,0
DA:45,0
DA:46,0
DA:47,0
DA:48,0
DA:49,0
DA:50,0
DA:53,4
DA:54,2
DA:55,2
DA:58,0
DA:59,0
DA:60,0
LF:41
LH:21
end_of_record
SF:lib/modules/login/bloc/login_bloc.dart
DA:11,0
DA:21,3
DA:22,2
DA:23,2
DA:25,3
DA:29,2
DA:31,3
DA:32,2
DA:33,3
DA:34,2
DA:36,2
LF:11
LH:10
end_of_record
SF:lib/modules/login/events/login_event.dart
DA:4,1
DA:6,0
DA:7,0
DA:13,1
LF:4
LH:2
end_of_record
SF:lib/modules/login/states/login_state.dart
DA:6,1
DA:7,1
DA:16,1
DA:20,1
LF:4
LH:4
end_of_record
SF:lib/modules/news/bloc/news_bloc.dart
DA:11,5
DA:22,3
DA:23,2
DA:24,1
DA:25,1
DA:26,2
DA:28,1
DA:29,1
DA:31,1
DA:32,2
DA:33,2
DA:35,0
DA:39,3
DA:41,4
DA:42,2
DA:44,3
DA:46,4
DA:48,2
DA:51,2
DA:54,1
DA:59,1
DA:60,0
DA:62,0
DA:63,0
DA:65,0
DA:68,0
DA:70,0
LF:27
LH:20
end_of_record
SF:lib/modules/news/events/news_event.dart
DA:4,3
DA:6,0
DA:7,0
DA:13,2
DA:19,2
LF:5
LH:3
end_of_record
SF:lib/modules/news/states/news_state.dart
DA:9,1
DA:10,1
DA:20,1
DA:27,2
DA:35,0
LF:5
LH:4
end_of_record
SF:lib/modules/newsdetail/bloc/news_detail_bloc.dart
DA:9,0
DA:13,3
DA:14,2
DA:15,2
DA:17,3
LF:5
LH:4
end_of_record
SF:lib/modules/newsdetail/events/news_detail_event.dart
DA:5,2
DA:7,0
DA:8,0
DA:13,2
LF:4
LH:2
end_of_record
SF:lib/modules/newsdetail/states/news_detail_state.dart
DA:6,1
DA:7,1
DA:15,1
LF:3
LH:3
end_of_record
SF:lib/modules/register/bloc/register_bloc.dart
DA:13,0
DA:22,3
DA:23,1
DA:24,0
DA:25,0
DA:26,0
DA:27,0
DA:28,0
DA:32,2
DA:33,2
DA:34,2
DA:35,2
DA:36,2
DA:37,2
DA:38,2
DA:39,2
DA:40,2
DA:41,0
DA:43,3
DA:47,2
DA:49,2
LF:21
LH:14
end_of_record
SF:lib/modules/register/events/register_event.dart
DA:4,1
DA:6,0
DA:7,0
DA:15,1
DA:23,0
LF:5
LH:2
end_of_record
SF:lib/modules/register/states/register_state.dart
DA:7,1
DA:8,1
DA:15,1
DA:19,1
LF:4
LH:4
end_of_record
SF:lib/config/DI/app_module.dart
DA:11,0
DA:12,0
DA:14,0
DA:17,2
DA:19,4
LF:5
LH:2
end_of_record
SF:lib/data/repositories/base/api_service.dart
DA:13,0
DA:17,0
DA:18,0
DA:21,0
DA:24,0
DA:31,0
DA:32,0
DA:38,0
DA:39,0
DA:41,0
DA:42,0
DA:44,0
DA:45,0
DA:46,0
DA:47,0
DA:48,0
LF:16
LH:0
end_of_record
SF:lib/config/floor/floor_database.g.dart
DA:13,2
DA:14,2
DA:19,0
DA:20,0
DA:24,2
DA:33,0
DA:34,0
DA:39,0
DA:40,0
DA:45,2
DA:46,2
DA:47,6
DA:49,2
DA:50,3
DA:52,2
DA:53,2
DA:60,2
DA:61,4
DA:66,2
DA:71,2
DA:73,2
DA:74,2
DA:75,0
DA:77,1
DA:78,0
DA:80,0
DA:81,0
DA:84,0
DA:86,0
DA:87,0
DA:90,0
DA:93,4
DA:96,0
DA:98,0
DA:103,0
DA:106,0
DA:107,0
DA:110,0
DA:111,0
DA:112,0
DA:113,0
DA:114,0
DA:115,0
DA:126,0
DA:128,0
DA:129,0
DA:130,0
DA:131,0
DA:132,0
DA:133,0
DA:134,0
DA:135,0
DA:138,0
DA:140,0
LF:54
LH:18
end_of_record
SF:lib/config/router/navigation_config.dart
DA:6,4
LF:1
LH:1
end_of_record
SF:lib/data/repositories/api_repository_impl.dart
DA:9,0
DA:13,0
DA:15,0
DA:16,0
LF:4
LH:0
end_of_record
SF:lib/data/repositories/floor_repository_impl.dart
DA:9,0
DA:19,0
DA:21,0
DA:23,0
DA:26,0
DA:28,0
DA:29,0
LF:7
LH:0
end_of_record
SF:lib/data/repositories/storage_repository_impl.dart
DA:10,0
DA:14,0
DA:16,0
DA:17,0
DA:20,0
DA:22,0
DA:25,0
DA:27,0
DA:29,0
DA:31,0
LF:10
LH:0
end_of_record
SF:lib/modules/profile/bloc/profile_bloc.dart
DA:10,0
DA:17,0
DA:18,0
DA:19,0
DA:20,0
DA:21,0
DA:24,0
DA:27,0
DA:28,0
DA:30,0
DA:32,0
LF:11
LH:0
end_of_record
SF:lib/modules/splashscreen/bloc/splash_screen_bloc.dart
DA:11,0
DA:18,3
DA:19,2
DA:20,2
DA:21,2
DA:22,2
DA:25,1
DA:26,0
DA:29,0
LF:9
LH:6
end_of_record
SF:lib/config/DI/di_locator.dart
DA:6,6
DA:8,2
DA:9,4
LF:3
LH:3
end_of_record
SF:lib/config/network/app_interceptor.dart
DA:5,0
DA:7,0
DA:9,0
DA:10,0
DA:11,0
DA:14,0
DA:16,0
DA:18,0
DA:19,0
DA:20,0
DA:23,0
DA:25,0
DA:27,0
DA:28,0
DA:29,0
DA:36,0
DA:38,0
DA:40,0
DA:42,0
DA:43,0
DA:44,0
DA:45,0
DA:46,0
DA:47,0
DA:48,0
DA:49,0
DA:50,0
DA:51,0
DA:52,0
DA:53,0
DA:54,0
DA:55,0
DA:56,0
DA:57,0
DA:58,0
DA:59,0
DA:60,0
DA:63,0
DA:65,0
DA:66,0
DA:67,0
DA:68,0
DA:69,0
DA:70,0
DA:72,0
DA:77,0
DA:79,0
DA:86,0
DA:88,0
DA:95,0
DA:97,0
DA:104,0
DA:106,0
DA:113,0
DA:115,0
DA:122,0
DA:124,0
DA:131,0
DA:133,0
LF:59
LH:0
end_of_record
SF:lib/utils/resources/env.dart
DA:4,0
DA:6,0
DA:8,0
DA:10,0
DA:12,0
DA:14,0
DA:16,0
DA:17,0
DA:20,0
DA:21,0
DA:28,0
DA:36,0
DA:54,0
LF:13
LH:0
end_of_record
SF:lib/utils/extensions/string_ext.dart
DA:2,0
DA:4,0
LF:2
LH:0
end_of_record
SF:lib/modules/profile/events/profile_event.dart
DA:4,1
DA:6,0
DA:7,0
DA:11,1
DA:15,1
LF:5
LH:3
end_of_record
SF:lib/modules/profile/states/profile_state.dart
DA:8,0
DA:9,0
DA:15,0
DA:20,0
LF:4
LH:0
end_of_record
SF:lib/modules/splashscreen/events/splash_screen_event.dart
DA:4,1
DA:6,0
DA:7,0
DA:11,1
DA:15,0
LF:5
LH:2
end_of_record
SF:lib/modules/splashscreen/states/splash_screen_state.dart
DA:4,1
DA:5,1
DA:12,1
LF:3
LH:3
end_of_record
SF:lib/config/router/routes.dart
DA:15,0
DA:16,0
DA:17,0
DA:18,0
DA:19,0
DA:20,0
DA:23,0
DA:24,0
DA:25,0
DA:26,0
DA:28,0
LF:11
LH:0
end_of_record
SF:lib/generated/l10n.dart
DA:16,1
DA:20,0
DA:21,0
DA:28,1
DA:29,2
DA:30,0
DA:31,1
DA:32,1
DA:33,3
DA:34,1
DA:35,1
DA:42,0
DA:43,0
DA:44,0
DA:49,0
DA:50,0
DA:54,0
DA:55,0
DA:59,0
DA:64,0
DA:65,0
DA:69,0
DA:74,0
DA:75,0
DA:79,0
DA:84,0
DA:85,0
DA:89,0
DA:94,0
DA:95,0
DA:99,0
DA:104,0
DA:105,0
DA:109,0
DA:114,0
DA:115,0
DA:119,0
DA:124,0
DA:125,0
DA:129,0
DA:134,0
DA:135,0
DA:139,0
DA:144,0
DA:145,0
DA:149,0
DA:154,0
DA:155,0
DA:159,0
DA:164,0
DA:165,0
DA:169,0
DA:174,0
DA:175,0
DA:179,0
DA:184,0
DA:185,0
DA:189,0
DA:194,0
DA:195,0
DA:199,0
DA:204,0
DA:205,0
DA:209,0
DA:215,1
DA:217,1
DA:224,1
DA:225,1
DA:226,1
DA:227,1
DA:228,0
DA:231,1
DA:232,2
DA:233,3
LF:74
LH:17
end_of_record
SF:lib/modules/locale/bloc/locale_bloc.dart
DA:8,5
DA:10,0
DA:13,0
DA:14,0
DA:15,0
DA:16,0
DA:17,0
DA:21,0
DA:24,0
LF:9
LH:1
end_of_record
SF:lib/modules/locale/events/locale_event.dart
DA:4,2
DA:6,0
DA:7,0
DA:11,2
LF:4
LH:2
end_of_record
SF:lib/modules/locale/states/locale_state.dart
DA:5,0
DA:6,0
DA:16,1
LF:3
LH:1
end_of_record
SF:lib/modules/login/ui/login_view.dart
DA:16,1
DA:18,0
DA:20,0
DA:22,0
DA:23,0
DA:31,1
DA:33,0
DA:34,0
DA:42,0
DA:44,0
DA:47,0
DA:49,0
DA:50,0
DA:51,0
DA:52,0
DA:53,0
DA:54,0
DA:55,0
DA:56,0
DA:57,0
DA:58,0
DA:62,0
DA:64,0
DA:65,0
DA:67,0
DA:68,0
DA:69,0
DA:71,0
DA:73,0
DA:74,0
DA:77,0
DA:78,0
DA:80,0
DA:81,0
DA:82,0
DA:83,0
DA:84,0
DA:87,0
DA:90,0
DA:91,0
DA:93,0
DA:94,0
DA:95,0
DA:96,0
LF:44
LH:2
end_of_record
SF:lib/modules/news/ui/components/news_content_component.dart
DA:14,2
DA:16,1
DA:18,1
DA:19,0
DA:20,0
DA:22,1
DA:23,1
DA:27,1
DA:28,2
DA:29,3
DA:30,3
DA:31,0
DA:32,0
DA:35,0
DA:42,0
DA:43,0
DA:45,0
LF:17
LH:9
end_of_record
SF:lib/modules/news/ui/components/news_view_ext.dart
DA:9,1
DA:10,1
DA:14,1
DA:15,1
DA:16,1
DA:19,2
DA:22,1
DA:26,1
DA:29,1
DA:30,1
DA:34,1
DA:35,1
DA:36,1
DA:39,2
DA:43,1
DA:47,2
DA:49,0
DA:50,1
DA:51,1
DA:52,1
DA:53,2
DA:54,1
DA:56,1
DA:57,1
DA:58,1
DA:59,1
DA:61,1
DA:66,1
DA:67,2
DA:73,3
LF:30
LH:29
end_of_record
SF:lib/modules/news/ui/news_view.dart
DA:15,1
DA:17,0
DA:18,0
DA:22,0
DA:24,0
DA:31,0
DA:36,2
DA:38,1
DA:39,1
DA:49,1
DA:51,1
DA:53,1
DA:54,1
DA:55,1
DA:57,2
DA:58,0
DA:59,0
DA:64,1
DA:66,1
DA:68,1
DA:69,1
DA:70,1
DA:72,0
DA:73,0
DA:74,0
DA:85,1
DA:86,1
DA:87,1
LF:28
LH:18
end_of_record
SF:lib/modules/home/ui/home_view.dart
DA:10,1
DA:12,0
DA:13,0
DA:23,0
DA:25,0
DA:27,0
DA:30,0
DA:32,0
DA:34,0
DA:37,0
DA:39,0
DA:40,0
DA:43,0
DA:44,0
DA:45,0
DA:46,0
DA:48,0
DA:50,0
DA:52,0
DA:54,0
DA:56,0
DA:60,0
DA:61,0
DA:63,0
DA:64,0
DA:72,0
DA:74,0
DA:75,0
DA:76,0
DA:77,0
DA:79,0
DA:83,0
DA:84,0
DA:85,0
DA:86,0
LF:35
LH:1
end_of_record
SF:lib/modules/register/ui/register_view.dart
DA:20,1
DA:22,0
DA:24,0
DA:26,0
DA:27,0
DA:35,1
DA:37,0
DA:38,0
DA:51,0
DA:53,0
DA:54,0
DA:55,0
DA:56,0
DA:57,0
DA:58,0
DA:59,0
DA:60,0
DA:61,0
DA:63,0
DA:64,0
DA:65,0
DA:66,0
DA:67,0
DA:68,0
DA:69,0
DA:70,0
DA:71,0
DA:72,0
DA:73,0
DA:74,0
DA:75,0
DA:76,0
DA:77,0
DA:82,0
DA:83,0
DA:84,0
DA:87,0
DA:88,0
DA:89,0
DA:90,0
DA:91,0
DA:93,0
DA:94,0
DA:95,0
DA:96,0
DA:99,0
DA:100,0
DA:101,0
DA:102,0
DA:104,0
DA:105,0
DA:106,0
DA:108,0
DA:110,0
DA:111,0
DA:113,0
DA:114,0
DA:115,0
DA:116,0
DA:117,0
DA:118,0
DA:119,0
DA:120,0
DA:123,0
DA:124,0
DA:125,0
DA:126,0
DA:127,0
LF:68
LH:2
end_of_record
SF:lib/modules/newsdetail/ui/news_detail_view.dart
DA:14,0
DA:18,0
DA:19,0
DA:24,0
DA:26,0
DA:27,0
DA:29,0
DA:30,0
DA:40,0
DA:42,0
DA:43,0
DA:49,0
DA:51,0
DA:52,0
DA:53,0
DA:56,0
DA:58,0
DA:59,0
DA:60,0
DA:61,0
DA:64,0
DA:66,0
DA:67,0
DA:69,0
DA:70,0
DA:73,0
DA:74,0
DA:75,0
DA:76,0
DA:83,0
DA:84,0
DA:92,0
DA:93,0
DA:94,0
DA:96,0
DA:97,0
DA:98,0
DA:99,0
DA:100,0
DA:103,0
DA:106,0
DA:114,0
DA:118,0
DA:119,0
DA:121,0
DA:122,0
DA:124,0
DA:126,0
DA:127,0
DA:128,0
DA:132,0
LF:51
LH:0
end_of_record
SF:lib/generated/intl/messages_all.dart
DA:23,3
DA:24,2
DA:25,0
DA:28,1
DA:30,1
DA:31,1
DA:32,0
DA:33,0
DA:40,1
DA:41,1
DA:42,3
DA:43,0
DA:45,0
DA:47,2
DA:48,1
DA:49,3
DA:50,2
DA:51,1
DA:54,1
DA:56,1
DA:62,1
DA:64,1
DA:66,1
LF:23
LH:18
end_of_record
SF:lib/generated/intl/messages_en.dart
DA:16,3
DA:21,0
DA:24,2
DA:25,1
DA:27,1
DA:29,1
DA:30,1
DA:32,1
DA:33,1
DA:34,1
DA:35,1
DA:36,1
DA:37,1
DA:38,1
DA:39,1
DA:41,1
DA:43,1
DA:45,1
DA:46,1
LF:19
LH:18
end_of_record
SF:lib/generated/intl/messages_id.dart
DA:16,0
DA:21,0
DA:24,0
DA:26,0
DA:27,0
DA:28,0
DA:30,0
DA:32,0
DA:33,0
DA:34,0
DA:35,0
DA:36,0
DA:37,0
DA:38,0
DA:39,0
DA:41,0
DA:43,0
DA:45,0
DA:46,0
LF:19
LH:0
end_of_record
SF:lib/modules/dashboard/ui/dashboardview.dart
DA:7,1
DA:9,0
DA:10,0
DA:14,0
DA:16,0
DA:18,0
DA:19,0
DA:20,0
DA:21,0
DA:22,0
DA:23,0
DA:25,0
DA:30,0
DA:31,0
DA:45,0
LF:15
LH:1
end_of_record
SF:lib/modules/profile/ui/profile_view.dart
DA:13,1
DA:15,0
DA:16,0
DA:20,0
DA:22,0
DA:24,0
DA:27,0
DA:29,0
DA:30,0
DA:31,0
DA:32,0
DA:33,0
DA:34,0
DA:35,0
DA:38,0
DA:39,0
DA:40,0
DA:41,0
DA:43,0
DA:44,0
DA:45,0
DA:46,0
DA:47,0
DA:48,0
DA:49,0
DA:50,0
DA:51,0
DA:53,0
DA:54,0
DA:55,0
DA:57,0
DA:58,0
DA:59,0
DA:61,0
DA:63,0
DA:64,0
DA:73,0
DA:78,0
LF:38
LH:1
end_of_record
SF:lib/modules/widgets/app_bar.dart
DA:5,0
DA:6,0
DA:16,0
LF:3
LH:0
end_of_record
SF:lib/modules/widgets/custom_text_field.dart
DA:11,0
DA:17,0
DA:19,0
DA:20,0
DA:26,0
DA:28,0
DA:29,0
DA:30,0
DA:31,0
DA:32,0
DA:33,0
DA:34,0
DA:37,0
DA:38,0
DA:39,0
DA:43,0
DA:44,0
DA:45,0
DA:46,0
DA:47,0
DA:48,0
DA:50,0
DA:51,0
DA:52,0
LF:24
LH:0
end_of_record
SF:lib/utils/extensions/routes_ext.dart
DA:6,0
DA:8,0
DA:10,0
DA:11,0
DA:13,0
DA:15,0
LF:6
LH:0
end_of_record
SF:lib/modules/widgets/app_button.dart
DA:9,0
DA:11,0
DA:13,0
DA:14,0
DA:15,0
DA:17,0
DA:18,0
DA:19,0
DA:20,0
DA:21,0
DA:23,0
DA:24,0
LF:12
LH:0
end_of_record
SF:lib/modules/news/ui/components/layout_selection_component.dart
DA:11,1
DA:13,1
DA:15,1
DA:16,1
DA:17,1
DA:19,0
DA:20,0
DA:22,1
DA:23,0
DA:24,1
DA:25,1
DA:26,0
DA:29,1
LF:13
LH:9
end_of_record
SF:lib/modules/news/ui/components/locale_component.dart
DA:12,1
DA:14,1
DA:16,1
DA:17,1
DA:18,1
DA:20,0
DA:21,0
DA:23,1
DA:24,0
DA:25,1
DA:26,1
DA:27,2
DA:28,0
DA:30,0
DA:31,0
DA:34,1
DA:36,1
DA:37,1
DA:42,0
LF:19
LH:12
end_of_record
SF:lib/modules/news/ui/components/news_load_mode_component.dart
DA:10,1
DA:12,1
DA:14,1
DA:15,1
DA:16,1
DA:22,1
LF:6
LH:6
end_of_record
SF:lib/modules/widgets/cached_network_image_utils.dart
DA:15,1
DA:24,1
DA:26,1
DA:27,1
DA:31,1
DA:33,1
DA:34,2
DA:35,2
DA:36,2
DA:37,0
DA:38,0
DA:39,0
DA:41,0
DA:43,0
DA:44,0
DA:46,0
DA:49,0
DA:50,0
DA:52,1
LF:19
LH:10
end_of_record
SF:lib/modules/widgets/debouncer.dart
DA:8,1
DA:10,0
DA:11,0
DA:12,0
DA:14,0
LF:5
LH:1
end_of_record
SF:lib/modules/widgets/search_text_field.dart
DA:9,1
DA:10,1
DA:12,1
DA:13,1
DA:17,1
DA:19,1
DA:20,1
DA:21,3
DA:22,1
DA:23,1
DA:24,1
DA:26,1
DA:27,2
DA:28,1
DA:30,2
DA:34,1
DA:36,1
DA:38,0
DA:39,0
DA:41,2
DA:43,1
DA:44,2
LF:22
LH:20
end_of_record
SF:lib/modules/newsdetail/ui/news_detail_view_ext.dart
DA:8,0
DA:10,0
DA:11,0
DA:15,0
DA:17,0
DA:19,0
DA:20,0
DA:21,0
DA:23,0
DA:24,0
DA:26,0
DA:27,0
DA:29,0
DA:30,0
DA:32,0
DA:33,0
DA:35,0
DA:36,0
DA:38,0
DA:39,0
DA:42,0
DA:43,0
DA:45,0
DA:46,0
DA:57,0
DA:59,0
DA:61,0
DA:62,0
DA:63,0
DA:64,0
DA:65,0
LF:31
LH:0
end_of_record
SF:lib/utils/snakebar/snakebar_util.dart
DA:4,0
DA:5,0
DA:6,0
DA:7,0
LF:4
LH:0
end_of_record
