SF:lib/presentation/blocs/locale_bloc.dart
DA:8,5
DA:10,3
DA:13,3
DA:14,2
DA:15,2
DA:16,6
DA:17,4
DA:21,1
DA:24,1
LF:9
LH:9
end_of_record
SF:lib/presentation/events/locale_event.dart
DA:4,11
DA:6,0
DA:7,0
DA:11,11
LF:4
LH:2
end_of_record
SF:lib/presentation/states/locale_state.dart
DA:5,1
DA:6,1
DA:16,3
LF:3
LH:3
end_of_record
SF:lib/config/DI/app_module.dart
DA:8,0
DA:9,0
LF:2
LH:0
end_of_record
SF:lib/data/repositories/base/api_service.dart
DA:15,1
DA:19,0
DA:20,0
DA:23,0
DA:26,0
DA:35,0
DA:36,0
DA:41,0
DA:44,0
DA:46,0
DA:47,0
DA:53,0
DA:54,0
DA:56,0
DA:57,0
DA:59,0
DA:60,0
DA:61,0
DA:62,0
DA:63,0
LF:20
LH:1
end_of_record
SF:lib/config/router/navigation_config.dart
DA:6,12
LF:1
LH:1
end_of_record
SF:lib/data/repositories/api_repository_impl.dart
DA:10,0
DA:14,0
DA:16,0
DA:17,0
DA:20,0
DA:22,0
DA:23,0
LF:7
LH:0
end_of_record
SF:lib/presentation/blocs/game_detail_bloc.dart
DA:9,10
DA:15,3
DA:16,2
DA:17,2
DA:20,3
DA:22,2
DA:24,2
DA:27,2
DA:28,2
DA:30,3
LF:10
LH:10
end_of_record
SF:lib/presentation/blocs/game_list_bloc.dart
DA:10,5
DA:21,3
DA:22,2
DA:23,1
DA:24,1
DA:26,1
DA:27,2
DA:28,2
DA:30,0
DA:34,3
DA:36,4
DA:38,4
DA:40,2
DA:42,3
DA:45,1
DA:49,2
DA:50,2
DA:52,2
DA:53,1
DA:55,0
DA:58,4
DA:60,3
LF:22
LH:20
end_of_record
SF:lib/config/DI/di_locator.dart
DA:6,15
DA:8,5
DA:9,10
LF:3
LH:3
end_of_record
SF:lib/config/network/app_interceptor.dart
DA:5,0
DA:7,0
DA:9,0
DA:10,0
DA:11,0
DA:14,0
DA:16,0
DA:18,0
DA:19,0
DA:20,0
DA:23,0
DA:25,0
DA:27,0
DA:28,0
DA:29,0
DA:36,0
DA:38,0
DA:40,0
DA:42,0
DA:43,0
DA:44,0
DA:45,0
DA:46,0
DA:47,0
DA:48,0
DA:49,0
DA:50,0
DA:51,0
DA:52,0
DA:53,0
DA:54,0
DA:55,0
DA:56,0
DA:57,0
DA:58,0
DA:59,0
DA:60,0
DA:63,0
DA:65,0
DA:66,0
DA:67,0
DA:68,0
DA:69,0
DA:70,0
DA:72,0
DA:77,0
DA:79,0
DA:86,0
DA:88,0
DA:95,0
DA:97,0
DA:104,0
DA:106,0
DA:113,0
DA:115,0
DA:122,0
DA:124,0
DA:131,0
DA:133,0
LF:59
LH:0
end_of_record
SF:lib/config/router/routes.dart
DA:8,1
DA:9,1
DA:10,1
DA:11,0
DA:12,0
DA:14,1
DA:15,2
DA:16,1
LF:8
LH:6
end_of_record
SF:lib/presentation/views/game_detail_view.dart
DA:15,2
DA:19,1
DA:20,1
DA:26,1
DA:28,1
DA:30,1
DA:35,4
DA:37,3
DA:40,1
DA:42,1
DA:44,3
DA:52,3
DA:54,2
DA:56,2
DA:57,0
DA:58,0
DA:59,2
DA:60,2
DA:64,2
DA:65,0
DA:67,0
DA:68,0
DA:71,2
DA:72,3
DA:75,1
DA:84,2
DA:86,1
DA:87,1
DA:93,1
DA:95,1
DA:96,2
DA:97,1
DA:100,1
DA:102,1
DA:103,1
DA:104,1
DA:105,1
DA:108,1
DA:110,1
DA:111,2
DA:113,1
DA:114,3
DA:117,1
DA:118,1
DA:119,1
DA:120,1
DA:127,0
DA:128,0
DA:136,1
DA:137,0
DA:138,1
DA:140,1
DA:141,0
DA:142,0
DA:143,0
DA:144,0
DA:147,0
DA:151,1
DA:159,1
DA:163,1
DA:164,3
DA:166,1
DA:167,3
DA:169,1
DA:171,1
DA:172,1
DA:173,1
DA:177,0
LF:68
LH:54
end_of_record
SF:lib/presentation/views/game_list_view.dart
DA:12,10
DA:14,0
DA:16,0
DA:18,0
DA:19,0
DA:27,11
DA:29,1
DA:30,1
DA:36,1
DA:38,1
DA:40,1
DA:42,2
DA:43,0
DA:44,0
DA:49,1
DA:51,1
DA:53,1
DA:61,1
DA:62,1
DA:63,1
LF:20
LH:14
end_of_record
SF:lib/domain/models/response/game_detail_response.dart
DA:7,4
DA:28,2
DA:29,2
DA:32,0
DA:37,2
DA:43,2
DA:44,2
DA:47,0
DA:52,2
DA:58,2
DA:59,2
DA:62,0
DA:67,2
DA:71,2
DA:72,2
DA:75,0
DA:80,2
DA:84,2
DA:85,2
DA:88,0
DA:93,2
DA:97,2
DA:98,2
DA:101,0
DA:106,2
DA:111,2
DA:112,2
DA:115,0
LF:28
LH:21
end_of_record
SF:lib/domain/models/response/game_detail_response.g.dart
DA:9,2
DA:10,2
DA:11,2
DA:12,2
DA:13,2
DA:14,6
DA:15,2
DA:16,2
DA:17,6
DA:18,2
DA:19,2
DA:20,6
DA:21,2
DA:22,2
DA:23,6
DA:24,2
DA:25,2
DA:26,6
DA:27,2
DA:28,2
DA:31,0
DA:32,0
DA:33,0
DA:34,0
DA:35,0
DA:36,0
DA:37,0
DA:38,0
DA:39,0
DA:40,0
DA:43,2
DA:44,2
DA:45,2
DA:46,2
DA:49,0
DA:50,0
DA:51,0
DA:52,0
DA:55,2
DA:56,2
DA:57,2
DA:59,4
DA:60,2
DA:63,0
DA:64,0
DA:65,0
DA:66,0
DA:69,2
DA:70,2
DA:71,2
DA:74,0
DA:75,0
DA:76,0
DA:79,2
DA:80,2
DA:81,2
DA:84,0
DA:85,0
DA:86,0
DA:89,2
DA:90,2
DA:91,2
DA:94,0
DA:95,0
DA:96,0
DA:99,4
DA:100,2
DA:103,0
DA:104,0
DA:105,0
LF:70
LH:40
end_of_record
SF:lib/domain/models/response/game_list_response.dart
DA:8,3
DA:15,2
DA:16,2
DA:19,0
DA:21,2
DA:22,10
DA:27,3
DA:37,2
DA:38,2
DA:41,0
DA:43,2
DA:44,12
LF:12
LH:10
end_of_record
SF:lib/domain/models/response/game_list_response.g.dart
DA:9,2
DA:10,2
DA:11,2
DA:12,2
DA:13,2
DA:14,2
DA:15,6
DA:16,2
DA:19,0
DA:20,0
DA:21,0
DA:22,0
DA:23,0
DA:24,0
DA:27,4
DA:28,2
DA:29,2
DA:30,2
DA:31,2
DA:32,2
DA:35,0
DA:36,0
DA:37,0
DA:38,0
DA:39,0
DA:40,0
DA:41,0
LF:27
LH:14
end_of_record
SF:lib/utils/resources/env.dart
DA:4,0
DA:6,0
DA:8,0
DA:10,0
DA:12,0
DA:14,0
DA:16,0
DA:17,0
DA:20,0
DA:21,0
DA:28,0
DA:36,0
DA:54,0
LF:13
LH:0
end_of_record
SF:lib/domain/models/args/game_detail_args.dart
DA:10,1
DA:12,1
DA:13,1
DA:16,2
LF:4
LH:4
end_of_record
SF:lib/domain/models/args/game_detail_args.g.dart
DA:9,1
DA:10,1
DA:11,1
DA:12,1
DA:15,1
DA:16,1
DA:17,1
DA:18,1
LF:8
LH:8
end_of_record
SF:lib/generated/intl/messages_all.dart
DA:23,9
DA:24,6
DA:25,0
DA:28,3
DA:30,3
DA:31,3
DA:32,0
DA:33,0
DA:40,3
DA:41,3
DA:42,9
DA:43,0
DA:45,0
DA:47,6
DA:48,3
DA:49,9
DA:50,6
DA:51,3
DA:54,3
DA:56,3
DA:62,3
DA:64,3
DA:66,3
LF:23
LH:18
end_of_record
SF:lib/generated/intl/messages_en.dart
DA:16,9
DA:21,0
DA:24,6
DA:26,3
DA:28,3
DA:29,3
LF:6
LH:5
end_of_record
SF:lib/generated/intl/messages_id.dart
DA:16,0
DA:21,0
DA:24,0
DA:25,0
DA:28,0
DA:29,0
LF:6
LH:0
end_of_record
SF:lib/generated/l10n.dart
DA:16,3
DA:20,0
DA:21,0
DA:28,3
DA:29,6
DA:30,0
DA:31,3
DA:32,3
DA:33,9
DA:34,3
DA:35,3
DA:42,1
DA:43,1
DA:44,1
DA:49,1
DA:50,1
DA:54,0
DA:55,0
DA:59,0
DA:64,0
DA:65,0
DA:69,0
DA:74,1
DA:75,1
DA:79,1
DA:85,10
DA:87,3
DA:94,3
DA:95,3
DA:96,3
DA:97,3
DA:98,0
DA:101,3
DA:102,6
DA:103,9
LF:35
LH:25
end_of_record
SF:lib/presentation/events/game_detail_event.dart
DA:4,11
DA:6,0
DA:7,0
DA:13,1
DA:19,11
LF:5
LH:3
end_of_record
SF:lib/presentation/states/game_detail_state.dart
DA:7,1
DA:8,1
DA:18,2
DA:24,2
DA:30,2
LF:5
LH:5
end_of_record
SF:lib/presentation/states/game_list_state.dart
DA:7,1
DA:8,1
DA:20,2
DA:27,2
DA:33,2
LF:5
LH:5
end_of_record
SF:lib/presentation/events/game_list_event.dart
DA:4,21
DA:6,0
DA:7,0
DA:12,11
DA:18,11
LF:5
LH:3
end_of_record
SF:lib/presentation/views/components/game_list_content_component.dart
DA:12,2
DA:14,1
DA:16,1
DA:17,0
DA:18,0
DA:20,1
DA:21,1
DA:25,1
DA:26,2
DA:27,3
DA:28,3
DA:29,1
DA:30,3
DA:33,1
LF:14
LH:12
end_of_record
SF:lib/presentation/views/game_list_view_ext.dart
DA:9,1
DA:10,1
DA:14,1
DA:15,1
DA:16,1
DA:17,2
DA:18,6
DA:19,1
DA:20,1
DA:21,1
DA:22,2
DA:23,1
DA:25,1
DA:26,1
DA:27,1
DA:28,1
DA:30,1
DA:35,3
DA:39,3
DA:43,3
DA:52,1
DA:56,1
DA:59,1
DA:60,1
DA:64,1
DA:65,1
DA:66,1
DA:67,2
DA:68,6
DA:69,1
DA:70,1
DA:71,1
DA:72,2
DA:73,1
DA:75,1
DA:76,1
DA:77,1
DA:78,1
DA:80,1
DA:85,3
DA:89,3
DA:93,3
DA:103,1
LF:43
LH:43
end_of_record
SF:lib/presentation/views/components/game_list_load_mode_component.dart
DA:8,11
DA:10,1
DA:12,1
DA:13,1
DA:14,1
DA:20,1
LF:6
LH:6
end_of_record
SF:lib/presentation/views/components/layout_selection_component.dart
DA:10,11
DA:12,1
DA:14,1
DA:15,1
DA:16,1
DA:18,1
DA:19,1
DA:21,1
DA:22,0
DA:23,1
DA:24,1
DA:25,3
DA:28,1
LF:13
LH:12
end_of_record
SF:lib/presentation/views/components/locale_component.dart
DA:11,11
DA:13,2
DA:15,2
DA:16,2
DA:17,2
DA:19,1
DA:20,1
DA:22,2
DA:23,0
DA:24,2
DA:25,2
DA:26,4
DA:27,0
DA:29,0
DA:30,0
DA:33,2
DA:35,2
DA:36,2
DA:41,1
LF:19
LH:15
end_of_record
SF:lib/presentation/widgets/cached_network_image_utils.dart
DA:15,3
DA:24,2
DA:26,3
DA:27,3
DA:31,3
DA:33,3
DA:34,6
DA:35,6
DA:36,6
DA:37,0
DA:38,0
DA:39,0
DA:41,0
DA:43,0
DA:44,0
DA:46,0
DA:49,0
DA:50,0
DA:52,3
LF:19
LH:10
end_of_record
SF:lib/presentation/views/game_detail_view_ext.dart
DA:11,2
DA:13,1
DA:14,1
DA:23,1
DA:25,1
DA:27,3
DA:28,0
DA:31,3
DA:32,0
DA:35,3
DA:36,0
DA:39,3
DA:40,0
DA:44,1
DA:46,1
DA:47,1
DA:50,1
DA:51,8
DA:52,1
DA:53,1
DA:55,3
DA:56,1
DA:57,1
DA:59,3
DA:60,1
DA:61,1
DA:63,3
DA:64,1
DA:65,1
DA:67,3
DA:77,2
DA:79,1
DA:81,1
DA:84,1
DA:86,1
DA:90,0
DA:91,0
DA:92,0
DA:93,0
DA:94,0
DA:95,0
DA:98,0
DA:99,0
DA:101,2
LF:44
LH:32
end_of_record
SF:lib/utils/extensions/routes_ext.dart
DA:6,2
LF:1
LH:1
end_of_record
